Android/XMLParsing/app/build/outputs/logs/manifest-merger-debug-report.txt
-- Merging decision tree log ---
manifest
ADDED from src/main/AndroidManifest.xml:2:1-27:12
INJECTED from src/main/AndroidManifest.xml:2:1-27:12
INJECTED from src/main/AndroidManifest.xml:2:1-27:12
INJECTED from src/main/AndroidManifest.xml:2:1-27:12
INJECTED from src/main/AndroidManifest.xml:2:1-27:12
INJECTED from src/main/AndroidManifest.xml:2:1-27:12
INJECTED from src/main/AndroidManifest.xml:2:1-27:12
	package
		ADDED from src/main/AndroidManifest.xml:3:5-37
		INJECTED from src/main/AndroidManifest.xml
		INJECTED from src/main/AndroidManifest.xml
	android:versionName
		ADDED from src/main/AndroidManifest.xml:5:5-30
		INJECTED from src/main/AndroidManifest.xml
		INJECTED from src/main/AndroidManifest.xml
	xmlns:android
		ADDED from src/main/AndroidManifest.xml:2:11-69
	android:versionCode
		ADDED from src/main/AndroidManifest.xml:4:5-28
		INJECTED from src/main/AndroidManifest.xml
		INJECTED from src/main/AndroidManifest.xml
uses-sdk
ADDED from src/main/AndroidManifest.xml:7:5-9:41
INJECTED from src/main/AndroidManifest.xml:7:5-9:41
INJECTED from src/main/AndroidManifest.xml:7:5-9:41
INJECTED from src/main/AndroidManifest.xml:7:5-9:41
INJECTED from src/main/AndroidManifest.xml:7:5-9:41
	android:targetSdkVersion
		ADDED from src/main/AndroidManifest.xml:9:9-38
		INJECTED from src/main/AndroidManifest.xml
		INJECTED from src/main/AndroidManifest.xml
	android:minSdkVersion
		ADDED from src/main/AndroidManifest.xml:8:9-35
		INJECTED from src/main/AndroidManifest.xml
		INJECTED from src/main/AndroidManifest.xml
uses-permission#android.permission.INTERNET
ADDED from src/main/AndroidManifest.xml:10:5-67
	android:name
		ADDED from src/main/AndroidManifest.xml:10:22-64
application
ADDED from src/main/AndroidManifest.xml:11:5-25:19
	android:label
		ADDED from src/main/AndroidManifest.xml:14:9-41
	android:icon
		ADDED from src/main/AndroidManifest.xml:13:9-45
	android:allowBackup
		ADDED from src/main/AndroidManifest.xml:12:9-35
	android:theme
		ADDED from src/main/AndroidManifest.xml:15:9-40
activity#com.example.xmlparsing.MainActivity
ADDED from src/main/AndroidManifest.xml:16:9-23:20
	android:label
		ADDED from src/main/AndroidManifest.xml:18:13-45
	android:name
		ADDED from src/main/AndroidManifest.xml:17:13-63
intent-filter#android.intent.action.MAIN+android.intent.category.LAUNCHER
ADDED from src/main/AndroidManifest.xml:19:13-22:29
action#android.intent.action.MAIN
ADDED from src/main/AndroidManifest.xml:20:17-69
	android:name
		ADDED from src/main/AndroidManifest.xml:20:25-66
category#android.intent.category.LAUNCHER
ADDED from src/main/AndroidManifest.xml:21:17-77
	android:name
		ADDED from src/main/AndroidManifest.xml:21:27-74
activity#com.example.xmlparsing.SingleMenuItemActivity
ADDED from src/main/AndroidManifest.xml:24:9-68
	android:name
		ADDED from src/main/AndroidManifest.xml:24:19-56